#
# There is insufficient memory for the Java Runtime Environment to continue.
# Native memory allocation (malloc) failed to allocate 1048576 bytes for AllocateHeap
# Possible reasons:
#   The system is out of physical RAM or swap space
#   In 32 bit mode, the process size limit was hit
# Possible solutions:
#   Reduce memory load on the system
#   Increase physical memory or swap space
#   Check if swap backing store is full
#   Use 64 bit Java on a 64 bit OS
#   Decrease Java heap size (-Xmx/-Xms)
#   Decrease number of Java threads
#   Decrease Java thread stack sizes (-Xss)
#   Set larger code cache with -XX:ReservedCodeCacheSize=
# This output file may be truncated or incomplete.
#
#  Out of Memory Error (memory/allocation.inline.hpp:61), pid=5768, tid=0x00000000000003a8
#
# JRE version:  (8.0_144-b01) (build )
# Java VM: Java HotSpot(TM) 64-Bit Server VM (25.144-b01 mixed mode windows-amd64 compressed oops)
# Failed to write core dump. Minidumps are not enabled by default on client versions of Windows
#

---------------  T H R E A D  ---------------

Current thread (0x000000000018d800):  JavaThread "Unknown thread" [_thread_in_vm, id=936, stack(0x00000000025d0000,0x00000000026d0000)]

Stack: [0x00000000025d0000,0x00000000026d0000]
[error occurred during error reporting (printing stack bounds), id 0xc0000005]

Native frames: (J=compiled Java code, j=interpreted, Vv=VM code, C=native code)


---------------  P R O C E S S  ---------------

Java Threads: ( => current thread )

Other Threads:

=>0x000000000018d800 (exited) JavaThread "Unknown thread" [_thread_in_vm, id=936, stack(0x00000000025d0000,0x00000000026d0000)]

VM state:not at safepoint (normal execution)

VM Mutex/Monitor currently owned by a thread: None

Heap:
 PSYoungGen      total 9728K, used 174K [0x00000000f5d80000, 0x00000000f6800000, 0x0000000100000000)
  eden space 8704K, 2% used [0x00000000f5d80000,0x00000000f5dab860,0x00000000f6600000)
  from space 1024K, 0% used [0x00000000f6700000,0x00000000f6700000,0x00000000f6800000)
  to   space 1024K, 0% used [0x00000000f6600000,0x00000000f6600000,0x00000000f6700000)
 ParOldGen       total 22016K, used 0K [0x00000000e1800000, 0x00000000e2d80000, 0x00000000f5d80000)
  object space 22016K, 0% used [0x00000000e1800000,0x00000000e1800000,0x00000000e2d80000)
 Metaspace       used 746K, capacity 4480K, committed 4480K, reserved 1056768K
  class space    used 75K, capacity 384K, committed 384K, reserved 1048576K

Card table byte_map: [0x0000000002370000,0x0000000002470000] byte_map_base: 0x0000000001c64000

Marking Bits: (ParMarkBitMap*) 0x000000006dcdd850
 Begin Bits: [0x0000000012160000, 0x0000000012900000)
 End Bits:   [0x0000000012900000, 0x00000000130a0000)

Polling page: 0x0000000000150000

CodeCache: size=245760Kb used=327Kb max_used=327Kb free=245432Kb
 bounds [0x00000000029a0000, 0x0000000002c10000, 0x00000000119a0000]
 total_blobs=56 nmethods=0 adapters=38
 compilation: enabled

Compilation events (0 events):
No events

GC Heap History (0 events):
No events

Deoptimization events (0 events):
No events

Internal exceptions (0 events):
No events

Events (10 events):
Event: 6.325 loading class java/lang/Short
Event: 6.325 loading class java/lang/Short done
Event: 6.325 loading class java/lang/Integer
Event: 6.325 loading class java/lang/Integer done
Event: 6.325 loading class java/lang/Long
Event: 6.326 loading class java/lang/Long done
Event: 6.455 loading class java/lang/NullPointerException
Event: 6.456 loading class java/lang/NullPointerException done
Event: 6.456 loading class java/lang/ArithmeticException
Event: 6.456 loading class java/lang/ArithmeticException done


Dynamic libraries:
0x000000013fb80000 - 0x000000013fbb7000 	C:\Program Files\Java\jre1.8\bin\java.exe
0x0000000077b80000 - 0x0000000077d2a000 	C:\Windows\SYSTEM32\ntdll.dll
0x000007fef6790000 - 0x000007fef67c3000 	C:\Program Files\AVAST Software\Avast\x64\aswhooka.dll
0x0000000077960000 - 0x0000000077a7f000 	C:\Windows\system32\kernel32.dll
0x000007fefdbc0000 - 0x000007fefdc2a000 	C:\Windows\system32\KERNELBASE.dll
0x000007fefe1b0000 - 0x000007fefe28b000 	C:\Windows\system32\ADVAPI32.dll
0x000007feffbc0000 - 0x000007feffc5f000 	C:\Windows\system32\msvcrt.dll
0x000007fefe850000 - 0x000007fefe86f000 	C:\Windows\SYSTEM32\sechost.dll
0x000007fefdd50000 - 0x000007fefde7d000 	C:\Windows\system32\RPCRT4.dll
0x0000000077a80000 - 0x0000000077b7a000 	C:\Windows\system32\USER32.dll
0x000007fefe7e0000 - 0x000007fefe847000 	C:\Windows\system32\GDI32.dll
0x000007feff900000 - 0x000007feff90e000 	C:\Windows\system32\LPK.dll
0x000007feffaf0000 - 0x000007feffbbb000 	C:\Windows\system32\USP10.dll
0x000007fefc250000 - 0x000007fefc444000 	C:\Windows\WinSxS\amd64_microsoft.windows.common-controls_6595b64144ccf1df_6.0.7601.18837_none_fa3b1e3d17594757\COMCTL32.dll
0x000007feff910000 - 0x000007feff981000 	C:\Windows\system32\SHLWAPI.dll
0x000007feff740000 - 0x000007feff76e000 	C:\Windows\system32\IMM32.DLL
0x000007fefdc30000 - 0x000007fefdd39000 	C:\Windows\system32\MSCTF.dll
0x000000006d220000 - 0x000000006d2f2000 	C:\Program Files\Java\jre1.8\bin\msvcr100.dll
0x000000006d4c0000 - 0x000000006dd5d000 	C:\Program Files\Java\jre1.8\bin\server\jvm.dll
0x000007fefb190000 - 0x000007fefb199000 	C:\Windows\system32\WSOCK32.dll
0x000007feffe40000 - 0x000007feffe8d000 	C:\Windows\system32\WS2_32.dll
0x000007fefdd40000 - 0x000007fefdd48000 	C:\Windows\system32\NSI.dll
0x000007fefb470000 - 0x000007fefb4ab000 	C:\Windows\system32\WINMM.dll
0x000007fefc940000 - 0x000007fefc94c000 	C:\Windows\system32\VERSION.dll
0x0000000077d40000 - 0x0000000077d47000 	C:\Windows\system32\PSAPI.DLL
0x000000006ed30000 - 0x000000006ed3f000 	C:\Program Files\Java\jre1.8\bin\verify.dll
0x000000006e900000 - 0x000000006e929000 	C:\Program Files\Java\jre1.8\bin\java.dll
0x000000006ed10000 - 0x000000006ed26000 	C:\Program Files\Java\jre1.8\bin\zip.dll

VM Arguments:
java_command: sochaclient.jar --port 13050
java_class_path (initial): sochaclient.jar
Launcher Type: SUN_STANDARD

Environment Variables:
JRE_HOME=C:\Program Files\Java\jre1.8\
PATH=C:/Program Files/Java/jre1.8/bin/server;C:/Program Files/Java/jre1.8/bin;C:/Program Files/Java/jre1.8/lib/amd64;C:\Ruby23\bin;C:\Windows\system32;C:\Windows;C:\Windows\System32\Wbem;C:\Windows\System32\WindowsPowerShell\v1.0\;C:\Program Files\Java\jre1.8\bin;C:\Program Files\Java\jre1.8\bin;C:\Program Files\Java\jre1.8\bin;C:\Windows\system32;
USERNAME=fredrik.wieczer
OS=Windows_NT
PROCESSOR_IDENTIFIER=Intel64 Family 6 Model 15 Stepping 13, GenuineIntel



---------------  S Y S T E M  ---------------

OS: Windows 7 , 64 bit Build 7601 (6.1.7601.23915)

CPU:total 2 (initial active 2) (2 cores per cpu, 1 threads per core) family 6 model 15 stepping 13, cmov, cx8, fxsr, mmx, sse, sse2, sse3, ssse3, tsc

Memory: 4k page, physical 1995056k(576052k free), swap 6509976k(195388k free)

vm_info: Java HotSpot(TM) 64-Bit Server VM (25.144-b01) for windows-amd64 JRE (1.8.0_144-b01), built on Jul 21 2017 21:57:33 by "java_re" with MS VC++ 10.0 (VS2010)

time: Thu Nov 09 12:53:00 2017
elapsed time: 8 seconds (0d 0h 0m 8s)

